Using pre-set license
Built from '2020.3/release' branch; Version is '2020.3.15f2 (6cf78cb77498) revision 7141260'; Using compiler version '192528614'; Build Type 'Release'
OS: 'Windows 10 Pro; OS build 19041.1165; Version 2004; 64bit' Language: 'es' Physical Memory: 32694 MB
BatchMode: 1, IsHumanControllingUs: 0, StartBugReporterOnCrash: 0, Is64bit: 1, IsPro: 0

 COMMAND LINE ARGUMENTS:
C:\Program Files\Unity\Hub\Editor\2020.3.15f2\Editor\Unity.exe
-adb2
-batchMode
-noUpm
-name
AssetImportWorker0
-projectPath
D:/TallerDeVidojuegosII/BubbleGumRace
-logFile
Logs/AssetImportWorker0.log
-srvPort
51171
Successfully changed project path to: D:/TallerDeVidojuegosII/BubbleGumRace
D:/TallerDeVidojuegosII/BubbleGumRace
Using Asset Import Pipeline V2.
Refreshing native plugins compatible for Editor in 58.94 ms, found 2 plugins.
Preloading 0 native plugins for Editor in 0.00 ms.
Initialize engine version: 2020.3.15f2 (6cf78cb77498)
[Subsystems] Discovering subsystems at path C:/Program Files/Unity/Hub/Editor/2020.3.15f2/Editor/Data/Resources/UnitySubsystems
[Subsystems] Discovering subsystems at path D:/TallerDeVidojuegosII/BubbleGumRace/Assets
GfxDevice: creating device client; threaded=0
Direct3D:
    Version:  Direct3D 11.0 [level 11.1]
    Renderer: AMD Radeon RX 5700 XT (ID=0x731f)
    Vendor:   
    VRAM:     8148 MB
    Driver:   27.20.1034.6
Shader 'Universal Render Pipeline/Particles/Lit': fallback shader 'Universal Render Pipeline/Particles/SimpleLit' not found
Initialize mono
Mono path[0] = 'C:/Program Files/Unity/Hub/Editor/2020.3.15f2/Editor/Data/Managed'
Mono path[1] = 'C:/Program Files/Unity/Hub/Editor/2020.3.15f2/Editor/Data/MonoBleedingEdge/lib/mono/unityjit'
Mono config path = 'C:/Program Files/Unity/Hub/Editor/2020.3.15f2/Editor/Data/MonoBleedingEdge/etc'
Using monoOptions --debugger-agent=transport=dt_socket,embedding=1,server=y,suspend=n,address=127.0.0.1:56176
Begin MonoManager ReloadAssembly
Registering precompiled unity dll's ...
Register platform support module: C:/Program Files/Unity/Hub/Editor/2020.3.15f2/Editor/Data/PlaybackEngines/WindowsStandaloneSupport/UnityEditor.WindowsStandalone.Extensions.dll
Registered in 0.001579 seconds.
Native extension for WindowsStandalone target not found
Refreshing native plugins compatible for Editor in 57.41 ms, found 2 plugins.
Preloading 0 native plugins for Editor in 0.00 ms.
Mono: successfully reloaded assembly
- Completed reload, in  0.863 seconds
Domain Reload Profiling:
	ReloadAssembly (864ms)
		BeginReloadAssembly (42ms)
			ExecutionOrderSort (0ms)
			DisableScriptedObjects (0ms)
			BackupInstance (0ms)
			ReleaseScriptingObjects (0ms)
			CreateAndSetChildDomain (1ms)
		EndReloadAssembly (341ms)
			LoadAssemblies (40ms)
			RebuildTransferFunctionScriptingTraits (0ms)
			SetupTypeCache (113ms)
			ReleaseScriptCaches (0ms)
			RebuildScriptCaches (24ms)
			SetupLoadedEditorAssemblies (151ms)
				LogAssemblyErrors (0ms)
				InitializePlatformSupportModulesInManaged (3ms)
				SetLoadedEditorAssemblies (0ms)
				RefreshPlugins (57ms)
				BeforeProcessingInitializeOnLoad (10ms)
				ProcessInitializeOnLoadAttributes (59ms)
				ProcessInitializeOnLoadMethodAttributes (21ms)
				AfterProcessingInitializeOnLoad (0ms)
				EditorAssembliesLoaded (0ms)
			ExecutionOrderSort2 (0ms)
			AwakeInstancesAfterBackupRestoration (0ms)
Platform modules already initialized, skipping
Registering precompiled user dll's ...
Registered in 0.004494 seconds.
Begin MonoManager ReloadAssembly
Native extension for WindowsStandalone target not found
Refreshing native plugins compatible for Editor in 59.42 ms, found 2 plugins.
Preloading 0 native plugins for Editor in 0.00 ms.
Mono: successfully reloaded assembly
- Completed reload, in  1.068 seconds
Domain Reload Profiling:
	ReloadAssembly (1068ms)
		BeginReloadAssembly (156ms)
			ExecutionOrderSort (0ms)
			DisableScriptedObjects (5ms)
			BackupInstance (0ms)
			ReleaseScriptingObjects (0ms)
			CreateAndSetChildDomain (16ms)
		EndReloadAssembly (861ms)
			LoadAssemblies (79ms)
			RebuildTransferFunctionScriptingTraits (0ms)
			SetupTypeCache (257ms)
			ReleaseScriptCaches (1ms)
			RebuildScriptCaches (50ms)
			SetupLoadedEditorAssemblies (380ms)
				LogAssemblyErrors (0ms)
				InitializePlatformSupportModulesInManaged (3ms)
				SetLoadedEditorAssemblies (1ms)
				RefreshPlugins (59ms)
				BeforeProcessingInitializeOnLoad (73ms)
				ProcessInitializeOnLoadAttributes (233ms)
				ProcessInitializeOnLoadMethodAttributes (5ms)
				AfterProcessingInitializeOnLoad (5ms)
				EditorAssembliesLoaded (0ms)
			ExecutionOrderSort2 (0ms)
			AwakeInstancesAfterBackupRestoration (5ms)
Platform modules already initialized, skipping
========================================================================
Worker process is ready to serve import requests
Shader 'Universal Render Pipeline/Particles/Lit': fallback shader 'Universal Render Pipeline/Particles/SimpleLit' not found
Launched and connected shader compiler UnityShaderCompiler.exe after 0.04 seconds
Refreshing native plugins compatible for Editor in 0.67 ms, found 2 plugins.
Preloading 0 native plugins for Editor in 0.00 ms.
Unloading 3237 Unused Serialized files (Serialized files now loaded: 0)
System memory in use before: 187.5 MB.
System memory in use after: 187.7 MB.

Unloading 26 unused Assets to reduce memory usage. Loaded Objects now: 3666.
Total: 2.759200 ms (FindLiveObjects: 0.324700 ms CreateObjectMapping: 0.077700 ms MarkObjects: 2.274800 ms  DeleteObjects: 0.080700 ms)

AssetImportParameters requested are different than current active one (requested -> active):
  custom:framework-win-MediaFoundation: 216162199b28c13a410421893ffa2e32 -> 
  custom:video-decoder-ogg-theora: a1e56fd34408186e4bbccfd4996cb3dc -> 
  custom:container-muxer-webm: aa71ff27fc2769a1b78a27578f13a17b -> 
  custom:container-demuxer-webm: 4f35f7cbe854078d1ac9338744f61a02 -> 
  custom:container-demuxer-ogg: 62fdf1f143b41e24485cea50d1cbac27 -> 
  custom:video-encoder-webm-vp8: eb34c28f22e8b96e1ab97ce403110664 -> 
  custom:video-decoder-webm-vp8: 9c59270c3fd7afecdb556c50c9e8de78 -> 
  custom:audio-decoder-ogg-vorbis: bf7c407c2cedff20999df2af8eb42d56 -> 
  custom:audio-encoder-webm-vorbis: bf7c407c2cedff20999df2af8eb42d56 -> 
========================================================================
Received Import Request.
  path: Assets/Scenes
  artifactKey: Guid(d9debc50fa3f0754cb9b2ae9c06126fc) Importer(815301076,1909f56bfc062723c751e8b465ee728b)
Start importing Assets/Scenes using Guid(d9debc50fa3f0754cb9b2ae9c06126fc) Importer(815301076,1909f56bfc062723c751e8b465ee728b)  -> (artifact id: '1065387c2f9caeeec6d4cb15f6f6911d') in 0.009750 seconds 
  Import took 0.014218 seconds .

========================================================================
Received Import Request.
  Time since last request: 0.000163 seconds.
  path: Assets/Scenes/Prototype.unity
  artifactKey: Guid(9fc0d4010bbf28b4594072e72b8655ab) Importer(815301076,1909f56bfc062723c751e8b465ee728b)
Start importing Assets/Scenes/Prototype.unity using Guid(9fc0d4010bbf28b4594072e72b8655ab) Importer(815301076,1909f56bfc062723c751e8b465ee728b)  -> (artifact id: '7cb66b659f4c95742035a54e83df144b') in 0.011489 seconds 
  Import took 0.016035 seconds .

========================================================================
Received Prepare
Registering precompiled user dll's ...
Registered in 0.004518 seconds.
Begin MonoManager ReloadAssembly
Native extension for WindowsStandalone target not found
Refreshing native plugins compatible for Editor in 0.64 ms, found 2 plugins.
Preloading 0 native plugins for Editor in 0.00 ms.
Mono: successfully reloaded assembly
- Completed reload, in  0.892 seconds
Domain Reload Profiling:
	ReloadAssembly (892ms)
		BeginReloadAssembly (92ms)
			ExecutionOrderSort (0ms)
			DisableScriptedObjects (3ms)
			BackupInstance (0ms)
			ReleaseScriptingObjects (0ms)
			CreateAndSetChildDomain (29ms)
		EndReloadAssembly (749ms)
			LoadAssemblies (75ms)
			RebuildTransferFunctionScriptingTraits (0ms)
			SetupTypeCache (245ms)
			ReleaseScriptCaches (1ms)
			RebuildScriptCaches (36ms)
			SetupLoadedEditorAssemblies (307ms)
				LogAssemblyErrors (0ms)
				InitializePlatformSupportModulesInManaged (3ms)
				SetLoadedEditorAssemblies (0ms)
				RefreshPlugins (1ms)
				BeforeProcessingInitializeOnLoad (65ms)
				ProcessInitializeOnLoadAttributes (226ms)
				ProcessInitializeOnLoadMethodAttributes (5ms)
				AfterProcessingInitializeOnLoad (6ms)
				EditorAssembliesLoaded (0ms)
			ExecutionOrderSort2 (0ms)
			AwakeInstancesAfterBackupRestoration (8ms)
Platform modules already initialized, skipping
Shader 'Universal Render Pipeline/Particles/Lit': fallback shader 'Universal Render Pipeline/Particles/SimpleLit' not found
Refreshing native plugins compatible for Editor in 0.73 ms, found 2 plugins.
Preloading 0 native plugins for Editor in 0.00 ms.
Unloading 3081 Unused Serialized files (Serialized files now loaded: 0)
System memory in use before: 176.0 MB.
System memory in use after: 176.2 MB.

Unloading 20 unused Assets to reduce memory usage. Loaded Objects now: 3669.
Total: 2.770300 ms (FindLiveObjects: 0.292000 ms CreateObjectMapping: 0.088200 ms MarkObjects: 2.368200 ms  DeleteObjects: 0.020500 ms)

AssetImportParameters requested are different than current active one (requested -> active):
  custom:framework-win-MediaFoundation: 216162199b28c13a410421893ffa2e32 -> 
  custom:video-decoder-ogg-theora: a1e56fd34408186e4bbccfd4996cb3dc -> 
  custom:container-muxer-webm: aa71ff27fc2769a1b78a27578f13a17b -> 
  custom:container-demuxer-webm: 4f35f7cbe854078d1ac9338744f61a02 -> 
  custom:container-demuxer-ogg: 62fdf1f143b41e24485cea50d1cbac27 -> 
  custom:video-encoder-webm-vp8: eb34c28f22e8b96e1ab97ce403110664 -> 
  custom:video-decoder-webm-vp8: 9c59270c3fd7afecdb556c50c9e8de78 -> 
  custom:audio-decoder-ogg-vorbis: bf7c407c2cedff20999df2af8eb42d56 -> 
  custom:audio-encoder-webm-vorbis: bf7c407c2cedff20999df2af8eb42d56 -> 
========================================================================
Received Import Request.
  Time since last request: 58.619810 seconds.
  path: Assets/Resources/FlyingDeLoreanWGun.prefab
  artifactKey: Guid(0dc318dfaf7ff9e4e930cf4caf3d1f74) Importer(815301076,1909f56bfc062723c751e8b465ee728b)
Start importing Assets/Resources/FlyingDeLoreanWGun.prefab using Guid(0dc318dfaf7ff9e4e930cf4caf3d1f74) Importer(815301076,1909f56bfc062723c751e8b465ee728b)  -> (artifact id: '25f0d4aa5b8bb04ae20c313bf29443a7') in 0.770326 seconds 
  Import took 0.776269 seconds .

========================================================================
Received Import Request.
  Time since last request: 0.505512 seconds.
  path: Assets/Resources/Models
  artifactKey: Guid(3d5b5fc0db475194bbb92dffd35f9f10) Importer(815301076,1909f56bfc062723c751e8b465ee728b)
Start importing Assets/Resources/Models using Guid(3d5b5fc0db475194bbb92dffd35f9f10) Importer(815301076,1909f56bfc062723c751e8b465ee728b)  -> (artifact id: '50e3986b882b896313e7bf363fb262f4') in 0.006108 seconds 
  Import took 0.011192 seconds .

========================================================================
Received Import Request.
  Time since last request: 1.615774 seconds.
  path: Assets/Resources/Models/Guns
  artifactKey: Guid(5ced25c9c7e711741be080d0a6dfd440) Importer(815301076,1909f56bfc062723c751e8b465ee728b)
Start importing Assets/Resources/Models/Guns using Guid(5ced25c9c7e711741be080d0a6dfd440) Importer(815301076,1909f56bfc062723c751e8b465ee728b)  -> (artifact id: '7edc242114ee299f7e240e24af01e2a3') in 0.004714 seconds 
  Import took 0.009129 seconds .

========================================================================
Received Import Request.
  Time since last request: 0.059529 seconds.
  path: Assets/Resources/Models/Guns/1MachineGuncaja.fbx
  artifactKey: Guid(0f614c93525a3304f99617fc09973abf) Importer(815301076,1909f56bfc062723c751e8b465ee728b)
Start importing Assets/Resources/Models/Guns/1MachineGuncaja.fbx using Guid(0f614c93525a3304f99617fc09973abf) Importer(815301076,1909f56bfc062723c751e8b465ee728b)  -> (artifact id: 'bc20fdeff802c0e10ee6be81b23fe6b6') in 0.245371 seconds 
  Import took 0.250387 seconds .

========================================================================
Received Import Request.
  Time since last request: 0.000144 seconds.
  path: Assets/Resources/Models/Guns/MinigunMesh.fbx
  artifactKey: Guid(0a57c695fd436164591761133a436caf) Importer(815301076,1909f56bfc062723c751e8b465ee728b)
Start importing Assets/Resources/Models/Guns/MinigunMesh.fbx using Guid(0a57c695fd436164591761133a436caf) Importer(815301076,1909f56bfc062723c751e8b465ee728b)  -> (artifact id: 'b60bd4bc8a444b5ae50165df971b97f1') in 0.056175 seconds 
  Import took 0.060354 seconds .

========================================================================
Received Import Request.
  Time since last request: 0.000152 seconds.
  path: Assets/Resources/Models/Guns/MachineGun.fbx
  artifactKey: Guid(db4ec250faee34649ab70e7973d62490) Importer(815301076,1909f56bfc062723c751e8b465ee728b)
Start importing Assets/Resources/Models/Guns/MachineGun.fbx using Guid(db4ec250faee34649ab70e7973d62490) Importer(815301076,1909f56bfc062723c751e8b465ee728b)  -> (artifact id: 'ca78d26bacbe03ade959ca6190e5197a') in 0.141994 seconds 
  Import took 0.146234 seconds .

========================================================================
Received Import Request.
  Time since last request: 61.336761 seconds.
  path: Assets/Resources/Models/Guns/Gun.obj
  artifactKey: Guid(a20a67f8b64332b4badecd1b49ab4633) Importer(815301076,1909f56bfc062723c751e8b465ee728b)
Start importing Assets/Resources/Models/Guns/Gun.obj using Guid(a20a67f8b64332b4badecd1b49ab4633) Importer(815301076,1909f56bfc062723c751e8b465ee728b)  -> (artifact id: 'faf87500923c75701211797b7b4b2c4b') in 0.050556 seconds 
  Import took 0.055662 seconds .

========================================================================
Received Import Request.
  Time since last request: 318.658368 seconds.
  path: Assets/Resources/Prefabs
  artifactKey: Guid(4b110325e0518d746b871669b0fe92e1) Importer(815301076,1909f56bfc062723c751e8b465ee728b)
Start importing Assets/Resources/Prefabs using Guid(4b110325e0518d746b871669b0fe92e1) Importer(815301076,1909f56bfc062723c751e8b465ee728b)  -> (artifact id: 'c350022bfe7e6a6124a86557988f3dba') in 0.005221 seconds 
  Import took 0.010062 seconds .

========================================================================
Received Import Request.
  Time since last request: 0.047024 seconds.
  path: Assets/Resources/Prefabs/Capsule.prefab
  artifactKey: Guid(d63fb61b8dfec9943bac862c1f86afbc) Importer(815301076,1909f56bfc062723c751e8b465ee728b)
Start importing Assets/Resources/Prefabs/Capsule.prefab using Guid(d63fb61b8dfec9943bac862c1f86afbc) Importer(815301076,1909f56bfc062723c751e8b465ee728b)  -> (artifact id: '2a9f5a961d3ee94fecb1b9d43ff3972e') in 0.011093 seconds 
  Import took 0.015773 seconds .

========================================================================
Received Import Request.
  Time since last request: 0.000152 seconds.
  path: Assets/Resources/Prefabs/FlyingDeLorean.prefab
  artifactKey: Guid(fbb14ba5db3e43b459196e6dc0dd9ea0) Importer(815301076,1909f56bfc062723c751e8b465ee728b)
Start importing Assets/Resources/Prefabs/FlyingDeLorean.prefab using Guid(fbb14ba5db3e43b459196e6dc0dd9ea0) Importer(815301076,1909f56bfc062723c751e8b465ee728b)  -> (artifact id: '7ac97722688982686ab38af53efcd4fd') in 0.023915 seconds 
  Import took 0.028505 seconds .

========================================================================
Received Import Request.
  Time since last request: 0.000164 seconds.
  path: Assets/Resources/Prefabs/DeLorean.prefab
  artifactKey: Guid(92233aa24480fc546909d06581892b8f) Importer(815301076,1909f56bfc062723c751e8b465ee728b)
Start importing Assets/Resources/Prefabs/DeLorean.prefab using Guid(92233aa24480fc546909d06581892b8f) Importer(815301076,1909f56bfc062723c751e8b465ee728b)  -> (artifact id: '09669991a52e77061092f36e6d3a54d1') in 0.038256 seconds 
  Import took 0.043285 seconds .

========================================================================
Received Import Request.
  Time since last request: 72.463075 seconds.
  path: Assets/MaterialPhysics/CarBody.physicMaterial
  artifactKey: Guid(ac651d2348fe2fd4984143fa442e7c86) Importer(815301076,1909f56bfc062723c751e8b465ee728b)
Start importing Assets/MaterialPhysics/CarBody.physicMaterial using Guid(ac651d2348fe2fd4984143fa442e7c86) Importer(815301076,1909f56bfc062723c751e8b465ee728b)  -> (artifact id: '2940122c3ce6ac01970ddb236a5f98e1') in 0.007278 seconds 
  Import took 0.011898 seconds .

========================================================================
Received Import Request.
  Time since last request: 3.681833 seconds.
  path: Assets/Resources
  artifactKey: Guid(3e046830cf6bc274b8eab7ddf36dc583) Importer(815301076,1909f56bfc062723c751e8b465ee728b)
Start importing Assets/Resources using Guid(3e046830cf6bc274b8eab7ddf36dc583) Importer(815301076,1909f56bfc062723c751e8b465ee728b)  -> (artifact id: '8f313c388bf54c5c6114826b7ff9c623') in 0.005447 seconds 
  Import took 0.010046 seconds .

========================================================================
Received Import Request.
  Time since last request: 1.211888 seconds.
  path: Assets/Resources/Materials
  artifactKey: Guid(6cb22a112658ad546b9d98f433c31301) Importer(815301076,1909f56bfc062723c751e8b465ee728b)
Start importing Assets/Resources/Materials using Guid(6cb22a112658ad546b9d98f433c31301) Importer(815301076,1909f56bfc062723c751e8b465ee728b)  -> (artifact id: 'b7a3c8a72167cb85f39ce8efea15d9ff') in 0.005301 seconds 
  Import took 0.009841 seconds .

========================================================================
Received Import Request.
  Time since last request: 0.065395 seconds.
  path: Assets/Resources/Materials/BulletExample 1.mat
  artifactKey: Guid(55a35ed1d58860c459e6155229e81577) Importer(815301076,1909f56bfc062723c751e8b465ee728b)
Start importing Assets/Resources/Materials/BulletExample 1.mat using Guid(55a35ed1d58860c459e6155229e81577) Importer(815301076,1909f56bfc062723c751e8b465ee728b)  -> (artifact id: '929770d4a2115e0a6636fbc6a533ea42') in 0.011291 seconds 
  Import took 0.016072 seconds .

========================================================================
Received Import Request.
  Time since last request: 0.000154 seconds.
  path: Assets/Resources/Materials/BulletExample.mat
  artifactKey: Guid(c6e9924b95edfc949b5060fd96589560) Importer(815301076,1909f56bfc062723c751e8b465ee728b)
Start importing Assets/Resources/Materials/BulletExample.mat using Guid(c6e9924b95edfc949b5060fd96589560) Importer(815301076,1909f56bfc062723c751e8b465ee728b)  -> (artifact id: 'ba0830ff710fbb8f17d42cc2c091fe7b') in 0.009994 seconds 
  Import took 0.014367 seconds .

========================================================================
Received Import Request.
  Time since last request: 0.000177 seconds.
  path: Assets/Resources/Materials/WhiteMat.mat
  artifactKey: Guid(09bd96c2d91063a4793365083e79e672) Importer(815301076,1909f56bfc062723c751e8b465ee728b)
Start importing Assets/Resources/Materials/WhiteMat.mat using Guid(09bd96c2d91063a4793365083e79e672) Importer(815301076,1909f56bfc062723c751e8b465ee728b)  -> (artifact id: 'e6862605d274f43947786a9a16530f8e') in 0.263100 seconds 
  Import took 0.267851 seconds .

========================================================================
Received Import Request.
  Time since last request: 0.000184 seconds.
  path: Assets/Resources/Materials/BulletExample 2.mat
  artifactKey: Guid(f19aa3b19a3ecb0499daa9b80f0907ef) Importer(815301076,1909f56bfc062723c751e8b465ee728b)
Start importing Assets/Resources/Materials/BulletExample 2.mat using Guid(f19aa3b19a3ecb0499daa9b80f0907ef) Importer(815301076,1909f56bfc062723c751e8b465ee728b)  -> (artifact id: '7061ecd625964ce444ac9ec2b6c6853d') in 0.009546 seconds 
  Import took 0.013611 seconds .

========================================================================
Received Import Request.
  Time since last request: 1.701748 seconds.
  path: Assets/Resources/Materials/Textures
  artifactKey: Guid(7a450f63bfbcea2458fdef1be0a9afc8) Importer(815301076,1909f56bfc062723c751e8b465ee728b)
Start importing Assets/Resources/Materials/Textures using Guid(7a450f63bfbcea2458fdef1be0a9afc8) Importer(815301076,1909f56bfc062723c751e8b465ee728b)  -> (artifact id: '31c8be9a4fa66eea5d59853325875b7c') in 0.005385 seconds 
  Import took 0.010258 seconds .

========================================================================
Received Import Request.
  Time since last request: 0.102144 seconds.
  path: Assets/Resources/Materials/Textures/Rocks_Hexagons_001_ambientOcclusion.jpg
  artifactKey: Guid(08071753dec5dff498ee7b396e581abd) Importer(815301076,1909f56bfc062723c751e8b465ee728b)
Start importing Assets/Resources/Materials/Textures/Rocks_Hexagons_001_ambientOcclusion.jpg using Guid(08071753dec5dff498ee7b396e581abd) Importer(815301076,1909f56bfc062723c751e8b465ee728b)  -> (artifact id: '3fca4753e9152504cf7f5d6620c71a11') in 0.020213 seconds 
  Import took 0.024956 seconds .

========================================================================
Received Import Request.
  Time since last request: 0.000166 seconds.
  path: Assets/Resources/Materials/Textures/Rocks_Hexagons_001_normal.jpg
  artifactKey: Guid(8fd678191a627de4eb6017715d82e6f5) Importer(815301076,1909f56bfc062723c751e8b465ee728b)
Start importing Assets/Resources/Materials/Textures/Rocks_Hexagons_001_normal.jpg using Guid(8fd678191a627de4eb6017715d82e6f5) Importer(815301076,1909f56bfc062723c751e8b465ee728b)  -> (artifact id: '87d3e8d8fe5ecaf81c985630fcfc22c8') in 0.018110 seconds 
  Import took 0.022727 seconds .

========================================================================
Received Import Request.
  Time since last request: 0.000138 seconds.
  path: Assets/Resources/Materials/Textures/Rocks_Hexagons_001_basecolor.jpg
  artifactKey: Guid(18f69485a4b050344a257bc11fa854ff) Importer(815301076,1909f56bfc062723c751e8b465ee728b)
Start importing Assets/Resources/Materials/Textures/Rocks_Hexagons_001_basecolor.jpg using Guid(18f69485a4b050344a257bc11fa854ff) Importer(815301076,1909f56bfc062723c751e8b465ee728b)  -> (artifact id: 'fe05215fd7f4f1f8cf3c13d0aebd4432') in 0.009113 seconds 
  Import took 0.013584 seconds .

========================================================================
Received Import Request.
  Time since last request: 0.000143 seconds.
  path: Assets/Resources/Materials/Textures/Rocks_Hexagons_001_height.png
  artifactKey: Guid(629b843a94ecfa84e9f84c7b1621fcd3) Importer(815301076,1909f56bfc062723c751e8b465ee728b)
Start importing Assets/Resources/Materials/Textures/Rocks_Hexagons_001_height.png using Guid(629b843a94ecfa84e9f84c7b1621fcd3) Importer(815301076,1909f56bfc062723c751e8b465ee728b)  -> (artifact id: 'c7f728cb2fcb5ecdc8ce2fba0c4a5212') in 0.011631 seconds 
  Import took 0.016390 seconds .

========================================================================
Received Import Request.
  Time since last request: 3.446268 seconds.
  path: Assets/Resources/Models/Cars/Delorean
  artifactKey: Guid(3f5e56906ce9a3f41834bc32651624a0) Importer(815301076,1909f56bfc062723c751e8b465ee728b)
Start importing Assets/Resources/Models/Cars/Delorean using Guid(3f5e56906ce9a3f41834bc32651624a0) Importer(815301076,1909f56bfc062723c751e8b465ee728b)  -> (artifact id: 'e1ad8d8df068336510bf8ddf821b8dbb') in 0.004548 seconds 
  Import took 0.009104 seconds .

========================================================================
Received Import Request.
  Time since last request: 0.045092 seconds.
  path: Assets/Resources/Models/Cars/Delorean/Delorean.FBX
  artifactKey: Guid(aa62c117f08862748a245011ee0163f6) Importer(815301076,1909f56bfc062723c751e8b465ee728b)
Start importing Assets/Resources/Models/Cars/Delorean/Delorean.FBX using Guid(aa62c117f08862748a245011ee0163f6) Importer(815301076,1909f56bfc062723c751e8b465ee728b)  -> (artifact id: '1b94163acbce01ba445fb6d446b1cf90') in 0.102150 seconds 
  Import took 0.107224 seconds .

========================================================================
Received Import Request.
  Time since last request: 0.000168 seconds.
  path: Assets/Resources/Models/Cars/Delorean/FrontL.prefab
  artifactKey: Guid(fbe4a8a7cf9f7494d84b775b6d2f1f9b) Importer(815301076,1909f56bfc062723c751e8b465ee728b)
Start importing Assets/Resources/Models/Cars/Delorean/FrontL.prefab using Guid(fbe4a8a7cf9f7494d84b775b6d2f1f9b) Importer(815301076,1909f56bfc062723c751e8b465ee728b)  -> (artifact id: '765e7e43913297a650d16d1a4a0dcae6') in 0.011279 seconds 
  Import took 0.015957 seconds .

========================================================================
Received Import Request.
  Time since last request: 0.000167 seconds.
  path: Assets/Resources/Models/Cars/Delorean/FrontR.prefab
  artifactKey: Guid(5c1c5c4aa091b414e8f990faecd7ed8d) Importer(815301076,1909f56bfc062723c751e8b465ee728b)
Start importing Assets/Resources/Models/Cars/Delorean/FrontR.prefab using Guid(5c1c5c4aa091b414e8f990faecd7ed8d) Importer(815301076,1909f56bfc062723c751e8b465ee728b)  -> (artifact id: '890cc4ef20ddaf5c3e5972f781411e4f') in 0.012523 seconds 
  Import took 0.017206 seconds .

========================================================================
Received Import Request.
  Time since last request: 0.000146 seconds.
  path: Assets/Resources/Models/Cars/Delorean/MainBody.prefab
  artifactKey: Guid(a39b47a044ec6dc42860fd4b4790b53a) Importer(815301076,1909f56bfc062723c751e8b465ee728b)
Start importing Assets/Resources/Models/Cars/Delorean/MainBody.prefab using Guid(a39b47a044ec6dc42860fd4b4790b53a) Importer(815301076,1909f56bfc062723c751e8b465ee728b)  -> (artifact id: '1fddd284abfdb61cf611e7c4678ce3d7') in 0.017819 seconds 
  Import took 0.022281 seconds .

========================================================================
Received Import Request.
  Time since last request: 1.148736 seconds.
  path: Assets/Resources/Models/Cars/Delorean/Materials
  artifactKey: Guid(66ba90972ea981d45953fc0c41773635) Importer(815301076,1909f56bfc062723c751e8b465ee728b)
Start importing Assets/Resources/Models/Cars/Delorean/Materials using Guid(66ba90972ea981d45953fc0c41773635) Importer(815301076,1909f56bfc062723c751e8b465ee728b)  -> (artifact id: '6498ceeb9ac03311094eb164cef8614d') in 0.001824 seconds 
  Import took 0.006379 seconds .

========================================================================
Received Import Request.
  Time since last request: 0.040440 seconds.
  path: Assets/Resources/Models/Cars/Delorean/Materials/DeLorean_BlueLight.mat
  artifactKey: Guid(eb610daa847d0e04fb6edab1e9630894) Importer(815301076,1909f56bfc062723c751e8b465ee728b)
Start importing Assets/Resources/Models/Cars/Delorean/Materials/DeLorean_BlueLight.mat using Guid(eb610daa847d0e04fb6edab1e9630894) Importer(815301076,1909f56bfc062723c751e8b465ee728b)  -> (artifact id: '8b4d3251900a2ec8840595195051b86f') in 0.012943 seconds 
  Import took 0.017515 seconds .

========================================================================
Received Import Request.
  Time since last request: 0.000152 seconds.
  path: Assets/Resources/Models/Cars/Delorean/Materials/DeLorean_BrightCables.mat
  artifactKey: Guid(9cd94ea1f871f3440b518b858a7f25c4) Importer(815301076,1909f56bfc062723c751e8b465ee728b)
Start importing Assets/Resources/Models/Cars/Delorean/Materials/DeLorean_BrightCables.mat using Guid(9cd94ea1f871f3440b518b858a7f25c4) Importer(815301076,1909f56bfc062723c751e8b465ee728b)  -> (artifact id: 'cd3d14ff871af9437c31a2ebfac7a3f2') in 0.009768 seconds 
  Import took 0.014312 seconds .

========================================================================
Received Import Request.
  Time since last request: 0.000178 seconds.
  path: Assets/Resources/Models/Cars/Delorean/Materials/Standard_8.mat
  artifactKey: Guid(e2a8a3f92be7e7343921c3a91aaafb6f) Importer(815301076,1909f56bfc062723c751e8b465ee728b)
Start importing Assets/Resources/Models/Cars/Delorean/Materials/Standard_8.mat using Guid(e2a8a3f92be7e7343921c3a91aaafb6f) Importer(815301076,1909f56bfc062723c751e8b465ee728b)  -> (artifact id: 'f9147c6a45e176e504f0aa052f4c9c37') in 0.010006 seconds 
  Import took 0.014231 seconds .

========================================================================
Received Import Request.
  Time since last request: 0.000148 seconds.
  path: Assets/Resources/Models/Cars/Delorean/Materials/DeLorean_EnginePart1.mat
  artifactKey: Guid(946d2278d1494254f873c5d402e78d73) Importer(815301076,1909f56bfc062723c751e8b465ee728b)
Start importing Assets/Resources/Models/Cars/Delorean/Materials/DeLorean_EnginePart1.mat using Guid(946d2278d1494254f873c5d402e78d73) Importer(815301076,1909f56bfc062723c751e8b465ee728b)  -> (artifact id: 'ccbb05daaac62b87817d385c49b1221b') in 0.009791 seconds 
  Import took 0.014257 seconds .

========================================================================
Received Import Request.
  Time since last request: 0.000161 seconds.
  path: Assets/Resources/Models/Cars/Delorean/Materials/DeLorean_WhiteLight.mat
  artifactKey: Guid(a56fd7b60b15f244f9be7814104003e8) Importer(815301076,1909f56bfc062723c751e8b465ee728b)
Start importing Assets/Resources/Models/Cars/Delorean/Materials/DeLorean_WhiteLight.mat using Guid(a56fd7b60b15f244f9be7814104003e8) Importer(815301076,1909f56bfc062723c751e8b465ee728b)  -> (artifact id: '78546796b77c33f2bcb8d0ae7406db1b') in 0.012065 seconds 
  Import took 0.016224 seconds .

========================================================================
Received Import Request.
  Time since last request: 0.000204 seconds.
  path: Assets/Resources/Models/Cars/Delorean/Materials/DeLorean_Motore.mat
  artifactKey: Guid(dc4b5dbfa3601854bb24e96a28099bae) Importer(815301076,1909f56bfc062723c751e8b465ee728b)
Start importing Assets/Resources/Models/Cars/Delorean/Materials/DeLorean_Motore.mat using Guid(dc4b5dbfa3601854bb24e96a28099bae) Importer(815301076,1909f56bfc062723c751e8b465ee728b)  -> (artifact id: '6a8bc338a0cbd4fe8631b4b296c5cb59') in 0.009907 seconds 
  Import took 0.014564 seconds .

========================================================================
Received Import Request.
  Time since last request: 0.000138 seconds.
  path: Assets/Resources/Models/Cars/Delorean/Materials/DeLorean_FinituraNero.mat
  artifactKey: Guid(353b8b461c379aa4aab9b952ba45f67e) Importer(815301076,1909f56bfc062723c751e8b465ee728b)
Start importing Assets/Resources/Models/Cars/Delorean/Materials/DeLorean_FinituraNero.mat using Guid(353b8b461c379aa4aab9b952ba45f67e) Importer(815301076,1909f56bfc062723c751e8b465ee728b)  -> (artifact id: 'b577d8250d3f6c9da889998e4a55204b') in 0.009720 seconds 
  Import took 0.014141 seconds .

========================================================================
Received Import Request.
  Time since last request: 0.000146 seconds.
  path: Assets/Resources/Models/Cars/Delorean/Materials/DeLorean_Interni.mat
  artifactKey: Guid(b892085f1cbc47948aa563319c924f65) Importer(815301076,1909f56bfc062723c751e8b465ee728b)
Start importing Assets/Resources/Models/Cars/Delorean/Materials/DeLorean_Interni.mat using Guid(b892085f1cbc47948aa563319c924f65) Importer(815301076,1909f56bfc062723c751e8b465ee728b)  -> (artifact id: '543da7c04be0c879b2501e6322c37611') in 0.010023 seconds 
  Import took 0.014101 seconds .

========================================================================
Received Import Request.
  Time since last request: 0.000163 seconds.
  path: Assets/Resources/Models/Cars/Delorean/Materials/DeLoreanMainColor.mat
  artifactKey: Guid(23e619679263c6547827a9728e1f451c) Importer(815301076,1909f56bfc062723c751e8b465ee728b)
Start importing Assets/Resources/Models/Cars/Delorean/Materials/DeLoreanMainColor.mat using Guid(23e619679263c6547827a9728e1f451c) Importer(815301076,1909f56bfc062723c751e8b465ee728b)  -> (artifact id: 'd258f9142c57179470f35d7da76c85a9') in 0.009897 seconds 
  Import took 0.014801 seconds .

========================================================================
Received Import Request.
  Time since last request: 0.000153 seconds.
  path: Assets/Resources/Models/Cars/Delorean/Materials/DeLorean_EnginePart3.mat
  artifactKey: Guid(62bc5959f96be6046979d13c34e3782c) Importer(815301076,1909f56bfc062723c751e8b465ee728b)
Start importing Assets/Resources/Models/Cars/Delorean/Materials/DeLorean_EnginePart3.mat using Guid(62bc5959f96be6046979d13c34e3782c) Importer(815301076,1909f56bfc062723c751e8b465ee728b)  -> (artifact id: 'e4edbe1bf5731ce8fe49a7921e2e51d1') in 0.009620 seconds 
  Import took 0.014163 seconds .

========================================================================
Received Import Request.
  Time since last request: 0.000158 seconds.
  path: Assets/Resources/Models/Cars/Delorean/Materials/DeLorean_OrangeLight.mat
  artifactKey: Guid(bf6cc9743442493489dabcd630b2cadd) Importer(815301076,1909f56bfc062723c751e8b465ee728b)
Start importing Assets/Resources/Models/Cars/Delorean/Materials/DeLorean_OrangeLight.mat using Guid(bf6cc9743442493489dabcd630b2cadd) Importer(815301076,1909f56bfc062723c751e8b465ee728b)  -> (artifact id: '48def9786888142ed2df8e6bca05e73f') in 0.010053 seconds 
  Import took 0.014690 seconds .

========================================================================
Received Import Request.
  Time since last request: 0.000186 seconds.
  path: Assets/Resources/Models/Cars/Delorean/Materials/DeLorean_MainBody.mat
  artifactKey: Guid(c7a95f3a6c024fb43b7ee2e50112b299) Importer(815301076,1909f56bfc062723c751e8b465ee728b)
Start importing Assets/Resources/Models/Cars/Delorean/Materials/DeLorean_MainBody.mat using Guid(c7a95f3a6c024fb43b7ee2e50112b299) Importer(815301076,1909f56bfc062723c751e8b465ee728b)  -> (artifact id: 'f68e9f82e69817fc5dfad82544479df5') in 0.011596 seconds 
  Import took 0.016226 seconds .

========================================================================
Received Import Request.
  Time since last request: 0.000139 seconds.
  path: Assets/Resources/Models/Cars/Delorean/Materials/DeLorean_RedLight.mat
  artifactKey: Guid(598ad3304cfe66a45ad5355503efb2f5) Importer(815301076,1909f56bfc062723c751e8b465ee728b)
Start importing Assets/Resources/Models/Cars/Delorean/Materials/DeLorean_RedLight.mat using Guid(598ad3304cfe66a45ad5355503efb2f5) Importer(815301076,1909f56bfc062723c751e8b465ee728b)  -> (artifact id: 'd1f8baf0af46a9a3cd014bf23256f156') in 0.010018 seconds 
  Import took 0.014250 seconds .

========================================================================
Received Import Request.
  Time since last request: 0.000162 seconds.
  path: Assets/Resources/Models/Cars/Delorean/Materials/DeLorean_DarkCables.mat
  artifactKey: Guid(f33bdfe4ded762f428d3f37ec9c3f261) Importer(815301076,1909f56bfc062723c751e8b465ee728b)
Start importing Assets/Resources/Models/Cars/Delorean/Materials/DeLorean_DarkCables.mat using Guid(f33bdfe4ded762f428d3f37ec9c3f261) Importer(815301076,1909f56bfc062723c751e8b465ee728b)  -> (artifact id: 'ea1cee7a5f39bf58bddbcaaf6e260225') in 0.009514 seconds 
  Import took 0.013808 seconds .

========================================================================
Received Import Request.
  Time since last request: 0.000159 seconds.
  path: Assets/Resources/Models/Cars/Delorean/Materials/DeLorean_EnginePart2.mat
  artifactKey: Guid(b4138a8306891374a8c7071812294522) Importer(815301076,1909f56bfc062723c751e8b465ee728b)
Start importing Assets/Resources/Models/Cars/Delorean/Materials/DeLorean_EnginePart2.mat using Guid(b4138a8306891374a8c7071812294522) Importer(815301076,1909f56bfc062723c751e8b465ee728b)  -> (artifact id: 'efcd22b96fbae89e708865cfd1b564ec') in 0.009345 seconds 
  Import took 0.013862 seconds .

========================================================================
Received Import Request.
  Time since last request: 108.050794 seconds.
  path: Assets/Scripts/GunMachine.cs
  artifactKey: Guid(98bd6f7f41cb9414bb7ce66b962782da) Importer(815301076,1909f56bfc062723c751e8b465ee728b)
Start importing Assets/Scripts/GunMachine.cs using Guid(98bd6f7f41cb9414bb7ce66b962782da) Importer(815301076,1909f56bfc062723c751e8b465ee728b)  -> (artifact id: '05bb1d41d855e481d40ead5faf1b9b95') in 0.006822 seconds 
  Import took 0.011484 seconds .

========================================================================
Received Prepare
Registering precompiled user dll's ...
Registered in 0.005582 seconds.
Begin MonoManager ReloadAssembly
Native extension for WindowsStandalone target not found
Refreshing native plugins compatible for Editor in 0.68 ms, found 2 plugins.
Preloading 0 native plugins for Editor in 0.00 ms.
Mono: successfully reloaded assembly
- Completed reload, in  1.097 seconds
Domain Reload Profiling:
	ReloadAssembly (1098ms)
		BeginReloadAssembly (120ms)
			ExecutionOrderSort (0ms)
			DisableScriptedObjects (5ms)
			BackupInstance (0ms)
			ReleaseScriptingObjects (0ms)
			CreateAndSetChildDomain (35ms)
		EndReloadAssembly (920ms)
			LoadAssemblies (85ms)
			RebuildTransferFunctionScriptingTraits (0ms)
			SetupTypeCache (300ms)
			ReleaseScriptCaches (1ms)
			RebuildScriptCaches (40ms)
			SetupLoadedEditorAssemblies (374ms)
				LogAssemblyErrors (0ms)
				InitializePlatformSupportModulesInManaged (4ms)
				SetLoadedEditorAssemblies (1ms)
				RefreshPlugins (1ms)
				BeforeProcessingInitializeOnLoad (77ms)
				ProcessInitializeOnLoadAttributes (278ms)
				ProcessInitializeOnLoadMethodAttributes (6ms)
				AfterProcessingInitializeOnLoad (7ms)
				EditorAssembliesLoaded (0ms)
			ExecutionOrderSort2 (0ms)
			AwakeInstancesAfterBackupRestoration (17ms)
Platform modules already initialized, skipping
Shader 'Universal Render Pipeline/Particles/Lit': fallback shader 'Universal Render Pipeline/Particles/SimpleLit' not found
Refreshing native plugins compatible for Editor in 1.06 ms, found 2 plugins.
Preloading 0 native plugins for Editor in 0.00 ms.
Unloading 3081 Unused Serialized files (Serialized files now loaded: 0)
System memory in use before: 181.9 MB.
System memory in use after: 182.2 MB.

Unloading 20 unused Assets to reduce memory usage. Loaded Objects now: 3758.
Total: 2.617000 ms (FindLiveObjects: 0.457100 ms CreateObjectMapping: 0.077400 ms MarkObjects: 2.062800 ms  DeleteObjects: 0.018100 ms)

AssetImportParameters requested are different than current active one (requested -> active):
  custom:framework-win-MediaFoundation: 216162199b28c13a410421893ffa2e32 -> 
  custom:video-decoder-ogg-theora: a1e56fd34408186e4bbccfd4996cb3dc -> 
  custom:container-muxer-webm: aa71ff27fc2769a1b78a27578f13a17b -> 
  custom:container-demuxer-webm: 4f35f7cbe854078d1ac9338744f61a02 -> 
  custom:container-demuxer-ogg: 62fdf1f143b41e24485cea50d1cbac27 -> 
  custom:video-encoder-webm-vp8: eb34c28f22e8b96e1ab97ce403110664 -> 
  custom:video-decoder-webm-vp8: 9c59270c3fd7afecdb556c50c9e8de78 -> 
  custom:audio-decoder-ogg-vorbis: bf7c407c2cedff20999df2af8eb42d56 -> 
  custom:audio-encoder-webm-vorbis: bf7c407c2cedff20999df2af8eb42d56 -> 
========================================================================
Received Import Request.
  Time since last request: 28.062909 seconds.
  path: Assets/Scripts/GunMachine.cs
  artifactKey: Guid(98bd6f7f41cb9414bb7ce66b962782da) Importer(815301076,1909f56bfc062723c751e8b465ee728b)
Start importing Assets/Scripts/GunMachine.cs using Guid(98bd6f7f41cb9414bb7ce66b962782da) Importer(815301076,1909f56bfc062723c751e8b465ee728b)  -> (artifact id: 'f46732a99b6ec26b517f3af153ef3ce0') in 0.005832 seconds 
  Import took 0.010444 seconds .

========================================================================
Received Prepare
Registering precompiled user dll's ...
Registered in 0.004496 seconds.
Begin MonoManager ReloadAssembly
Native extension for WindowsStandalone target not found
Refreshing native plugins compatible for Editor in 0.76 ms, found 2 plugins.
Preloading 0 native plugins for Editor in 0.00 ms.
Mono: successfully reloaded assembly
- Completed reload, in  0.930 seconds
Domain Reload Profiling:
	ReloadAssembly (930ms)
		BeginReloadAssembly (93ms)
			ExecutionOrderSort (0ms)
			DisableScriptedObjects (4ms)
			BackupInstance (0ms)
			ReleaseScriptingObjects (0ms)
			CreateAndSetChildDomain (30ms)
		EndReloadAssembly (785ms)
			LoadAssemblies (76ms)
			RebuildTransferFunctionScriptingTraits (0ms)
			SetupTypeCache (254ms)
			ReleaseScriptCaches (1ms)
			RebuildScriptCaches (37ms)
			SetupLoadedEditorAssemblies (307ms)
				LogAssemblyErrors (0ms)
				InitializePlatformSupportModulesInManaged (4ms)
				SetLoadedEditorAssemblies (0ms)
				RefreshPlugins (1ms)
				BeforeProcessingInitializeOnLoad (67ms)
				ProcessInitializeOnLoadAttributes (225ms)
				ProcessInitializeOnLoadMethodAttributes (5ms)
				AfterProcessingInitializeOnLoad (6ms)
				EditorAssembliesLoaded (0ms)
			ExecutionOrderSort2 (0ms)
			AwakeInstancesAfterBackupRestoration (11ms)
Platform modules already initialized, skipping
Shader 'Universal Render Pipeline/Particles/Lit': fallback shader 'Universal Render Pipeline/Particles/SimpleLit' not found
Refreshing native plugins compatible for Editor in 0.66 ms, found 2 plugins.
Preloading 0 native plugins for Editor in 0.00 ms.
Unloading 3081 Unused Serialized files (Serialized files now loaded: 0)
System memory in use before: 182.0 MB.
System memory in use after: 182.2 MB.

Unloading 20 unused Assets to reduce memory usage. Loaded Objects now: 3761.
Total: 2.805800 ms (FindLiveObjects: 0.299200 ms CreateObjectMapping: 0.088900 ms MarkObjects: 2.397200 ms  DeleteObjects: 0.018800 ms)

AssetImportParameters requested are different than current active one (requested -> active):
  custom:framework-win-MediaFoundation: 216162199b28c13a410421893ffa2e32 -> 
  custom:video-decoder-ogg-theora: a1e56fd34408186e4bbccfd4996cb3dc -> 
  custom:container-muxer-webm: aa71ff27fc2769a1b78a27578f13a17b -> 
  custom:container-demuxer-webm: 4f35f7cbe854078d1ac9338744f61a02 -> 
  custom:container-demuxer-ogg: 62fdf1f143b41e24485cea50d1cbac27 -> 
  custom:video-encoder-webm-vp8: eb34c28f22e8b96e1ab97ce403110664 -> 
  custom:video-decoder-webm-vp8: 9c59270c3fd7afecdb556c50c9e8de78 -> 
  custom:audio-decoder-ogg-vorbis: bf7c407c2cedff20999df2af8eb42d56 -> 
  custom:audio-encoder-webm-vorbis: bf7c407c2cedff20999df2af8eb42d56 -> 
========================================================================
Received Prepare
Registering precompiled user dll's ...
Registered in 0.004882 seconds.
Begin MonoManager ReloadAssembly
Native extension for WindowsStandalone target not found
Refreshing native plugins compatible for Editor in 0.71 ms, found 2 plugins.
Preloading 0 native plugins for Editor in 0.00 ms.
Mono: successfully reloaded assembly
- Completed reload, in  0.993 seconds
Domain Reload Profiling:
	ReloadAssembly (993ms)
		BeginReloadAssembly (99ms)
			ExecutionOrderSort (0ms)
			DisableScriptedObjects (4ms)
			BackupInstance (0ms)
			ReleaseScriptingObjects (0ms)
			CreateAndSetChildDomain (31ms)
		EndReloadAssembly (841ms)
			LoadAssemblies (83ms)
			RebuildTransferFunctionScriptingTraits (0ms)
			SetupTypeCache (271ms)
			ReleaseScriptCaches (1ms)
			RebuildScriptCaches (39ms)
			SetupLoadedEditorAssemblies (329ms)
				LogAssemblyErrors (0ms)
				InitializePlatformSupportModulesInManaged (4ms)
				SetLoadedEditorAssemblies (0ms)
				RefreshPlugins (1ms)
				BeforeProcessingInitializeOnLoad (72ms)
				ProcessInitializeOnLoadAttributes (241ms)
				ProcessInitializeOnLoadMethodAttributes (5ms)
				AfterProcessingInitializeOnLoad (6ms)
				EditorAssembliesLoaded (0ms)
			ExecutionOrderSort2 (0ms)
			AwakeInstancesAfterBackupRestoration (13ms)
Platform modules already initialized, skipping
Shader 'Universal Render Pipeline/Particles/Lit': fallback shader 'Universal Render Pipeline/Particles/SimpleLit' not found
Refreshing native plugins compatible for Editor in 0.71 ms, found 2 plugins.
Preloading 0 native plugins for Editor in 0.00 ms.
Unloading 3081 Unused Serialized files (Serialized files now loaded: 0)
System memory in use before: 182.0 MB.
System memory in use after: 182.2 MB.

Unloading 20 unused Assets to reduce memory usage. Loaded Objects now: 3764.
Total: 2.781400 ms (FindLiveObjects: 0.305200 ms CreateObjectMapping: 0.081900 ms MarkObjects: 2.377500 ms  DeleteObjects: 0.015800 ms)

AssetImportParameters requested are different than current active one (requested -> active):
  custom:framework-win-MediaFoundation: 216162199b28c13a410421893ffa2e32 -> 
  custom:video-decoder-ogg-theora: a1e56fd34408186e4bbccfd4996cb3dc -> 
  custom:container-muxer-webm: aa71ff27fc2769a1b78a27578f13a17b -> 
  custom:container-demuxer-webm: 4f35f7cbe854078d1ac9338744f61a02 -> 
  custom:container-demuxer-ogg: 62fdf1f143b41e24485cea50d1cbac27 -> 
  custom:video-encoder-webm-vp8: eb34c28f22e8b96e1ab97ce403110664 -> 
  custom:video-decoder-webm-vp8: 9c59270c3fd7afecdb556c50c9e8de78 -> 
  custom:audio-decoder-ogg-vorbis: bf7c407c2cedff20999df2af8eb42d56 -> 
  custom:audio-encoder-webm-vorbis: bf7c407c2cedff20999df2af8eb42d56 -> 
========================================================================
Received Prepare
Registering precompiled user dll's ...
Registered in 0.004395 seconds.
Begin MonoManager ReloadAssembly
Native extension for WindowsStandalone target not found
Refreshing native plugins compatible for Editor in 0.64 ms, found 2 plugins.
Preloading 0 native plugins for Editor in 0.00 ms.
Mono: successfully reloaded assembly
- Completed reload, in  0.910 seconds
Domain Reload Profiling:
	ReloadAssembly (911ms)
		BeginReloadAssembly (90ms)
			ExecutionOrderSort (0ms)
			DisableScriptedObjects (4ms)
			BackupInstance (0ms)
			ReleaseScriptingObjects (0ms)
			CreateAndSetChildDomain (28ms)
		EndReloadAssembly (770ms)
			LoadAssemblies (76ms)
			RebuildTransferFunctionScriptingTraits (0ms)
			SetupTypeCache (245ms)
			ReleaseScriptCaches (1ms)
			RebuildScriptCaches (37ms)
			SetupLoadedEditorAssemblies (301ms)
				LogAssemblyErrors (0ms)
				InitializePlatformSupportModulesInManaged (3ms)
				SetLoadedEditorAssemblies (0ms)
				RefreshPlugins (1ms)
				BeforeProcessingInitializeOnLoad (66ms)
				ProcessInitializeOnLoadAttributes (221ms)
				ProcessInitializeOnLoadMethodAttributes (5ms)
				AfterProcessingInitializeOnLoad (5ms)
				EditorAssembliesLoaded (0ms)
			ExecutionOrderSort2 (0ms)
			AwakeInstancesAfterBackupRestoration (12ms)
Platform modules already initialized, skipping
Shader 'Universal Render Pipeline/Particles/Lit': fallback shader 'Universal Render Pipeline/Particles/SimpleLit' not found
Refreshing native plugins compatible for Editor in 0.70 ms, found 2 plugins.
Preloading 0 native plugins for Editor in 0.00 ms.
Unloading 3081 Unused Serialized files (Serialized files now loaded: 0)
System memory in use before: 182.0 MB.
System memory in use after: 182.2 MB.

Unloading 20 unused Assets to reduce memory usage. Loaded Objects now: 3767.
Total: 2.570800 ms (FindLiveObjects: 0.275700 ms CreateObjectMapping: 0.074600 ms MarkObjects: 2.199800 ms  DeleteObjects: 0.019600 ms)

AssetImportParameters requested are different than current active one (requested -> active):
  custom:framework-win-MediaFoundation: 216162199b28c13a410421893ffa2e32 -> 
  custom:video-decoder-ogg-theora: a1e56fd34408186e4bbccfd4996cb3dc -> 
  custom:container-muxer-webm: aa71ff27fc2769a1b78a27578f13a17b -> 
  custom:container-demuxer-webm: 4f35f7cbe854078d1ac9338744f61a02 -> 
  custom:container-demuxer-ogg: 62fdf1f143b41e24485cea50d1cbac27 -> 
  custom:video-encoder-webm-vp8: eb34c28f22e8b96e1ab97ce403110664 -> 
  custom:video-decoder-webm-vp8: 9c59270c3fd7afecdb556c50c9e8de78 -> 
  custom:audio-decoder-ogg-vorbis: bf7c407c2cedff20999df2af8eb42d56 -> 
  custom:audio-encoder-webm-vorbis: bf7c407c2cedff20999df2af8eb42d56 -> 
========================================================================
Received Import Request.
  Time since last request: 139.177991 seconds.
  path: Assets/Scripts/rotateGun.cs
  artifactKey: Guid(53ea6d90bb35f2448adc9c4f8862259a) Importer(815301076,1909f56bfc062723c751e8b465ee728b)
Start importing Assets/Scripts/rotateGun.cs using Guid(53ea6d90bb35f2448adc9c4f8862259a) Importer(815301076,1909f56bfc062723c751e8b465ee728b)  -> (artifact id: 'a1b2786fd22867c6e5a5a97693289d6f') in 0.008705 seconds 
  Import took 0.013128 seconds .

========================================================================
Received Import Request.
  Time since last request: 0.496481 seconds.
  path: Assets/Scripts/GunMachine.cs
  artifactKey: Guid(98bd6f7f41cb9414bb7ce66b962782da) Importer(815301076,1909f56bfc062723c751e8b465ee728b)
Start importing Assets/Scripts/GunMachine.cs using Guid(98bd6f7f41cb9414bb7ce66b962782da) Importer(815301076,1909f56bfc062723c751e8b465ee728b)  -> (artifact id: 'ee195e8cf940024420c3d9ca608e5b1a') in 0.001957 seconds 
  Import took 0.006531 seconds .

========================================================================
Received Import Request.
  Time since last request: 0.000717 seconds.
  path: Assets/Scripts/GunMachine.cs
  artifactKey: Guid(98bd6f7f41cb9414bb7ce66b962782da) Importer(815301076,1909f56bfc062723c751e8b465ee728b)
Start importing Assets/Scripts/GunMachine.cs using Guid(98bd6f7f41cb9414bb7ce66b962782da) Importer(815301076,1909f56bfc062723c751e8b465ee728b)  -> (artifact id: 'ee195e8cf940024420c3d9ca608e5b1a') in 0.002079 seconds 
  Import took 0.005986 seconds .

========================================================================
Received Prepare
Registering precompiled user dll's ...
Registered in 0.004647 seconds.
Begin MonoManager ReloadAssembly
Native extension for WindowsStandalone target not found
Refreshing native plugins compatible for Editor in 0.67 ms, found 2 plugins.
Preloading 0 native plugins for Editor in 0.00 ms.
Mono: successfully reloaded assembly
- Completed reload, in  0.931 seconds
Domain Reload Profiling:
	ReloadAssembly (931ms)
		BeginReloadAssembly (89ms)
			ExecutionOrderSort (0ms)
			DisableScriptedObjects (4ms)
			BackupInstance (0ms)
			ReleaseScriptingObjects (0ms)
			CreateAndSetChildDomain (29ms)
		EndReloadAssembly (792ms)
			LoadAssemblies (77ms)
			RebuildTransferFunctionScriptingTraits (0ms)
			SetupTypeCache (253ms)
			ReleaseScriptCaches (1ms)
			RebuildScriptCaches (37ms)
			SetupLoadedEditorAssemblies (313ms)
				LogAssemblyErrors (0ms)
				InitializePlatformSupportModulesInManaged (3ms)
				SetLoadedEditorAssemblies (0ms)
				RefreshPlugins (1ms)
				BeforeProcessingInitializeOnLoad (67ms)
				ProcessInitializeOnLoadAttributes (231ms)
				ProcessInitializeOnLoadMethodAttributes (5ms)
				AfterProcessingInitializeOnLoad (5ms)
				EditorAssembliesLoaded (0ms)
			ExecutionOrderSort2 (0ms)
			AwakeInstancesAfterBackupRestoration (11ms)
Platform modules already initialized, skipping
Shader 'Universal Render Pipeline/Particles/Lit': fallback shader 'Universal Render Pipeline/Particles/SimpleLit' not found
Refreshing native plugins compatible for Editor in 0.69 ms, found 2 plugins.
Preloading 0 native plugins for Editor in 0.00 ms.
Unloading 3081 Unused Serialized files (Serialized files now loaded: 0)
System memory in use before: 182.0 MB.
System memory in use after: 182.2 MB.

Unloading 20 unused Assets to reduce memory usage. Loaded Objects now: 3770.
Total: 2.887500 ms (FindLiveObjects: 0.304800 ms CreateObjectMapping: 0.090600 ms MarkObjects: 2.471200 ms  DeleteObjects: 0.019600 ms)

AssetImportParameters requested are different than current active one (requested -> active):
  custom:framework-win-MediaFoundation: 216162199b28c13a410421893ffa2e32 -> 
  custom:video-decoder-ogg-theora: a1e56fd34408186e4bbccfd4996cb3dc -> 
  custom:container-muxer-webm: aa71ff27fc2769a1b78a27578f13a17b -> 
  custom:container-demuxer-webm: 4f35f7cbe854078d1ac9338744f61a02 -> 
  custom:container-demuxer-ogg: 62fdf1f143b41e24485cea50d1cbac27 -> 
  custom:video-encoder-webm-vp8: eb34c28f22e8b96e1ab97ce403110664 -> 
  custom:video-decoder-webm-vp8: 9c59270c3fd7afecdb556c50c9e8de78 -> 
  custom:audio-decoder-ogg-vorbis: bf7c407c2cedff20999df2af8eb42d56 -> 
  custom:audio-encoder-webm-vorbis: bf7c407c2cedff20999df2af8eb42d56 -> 
========================================================================
Received Import Request.
  Time since last request: 10.660561 seconds.
  path: Assets/Scripts/rotateGun.cs
  artifactKey: Guid(53ea6d90bb35f2448adc9c4f8862259a) Importer(815301076,1909f56bfc062723c751e8b465ee728b)
Start importing Assets/Scripts/rotateGun.cs using Guid(53ea6d90bb35f2448adc9c4f8862259a) Importer(815301076,1909f56bfc062723c751e8b465ee728b)  -> (artifact id: 'a5c5dd11ff70d61401d0bd54e958df8c') in 0.005382 seconds 
  Import took 0.009900 seconds .

========================================================================
Received Import Request.
  Time since last request: 0.878234 seconds.
  path: Assets/Scripts/rotateGun.cs
  artifactKey: Guid(53ea6d90bb35f2448adc9c4f8862259a) Importer(815301076,1909f56bfc062723c751e8b465ee728b)
Start importing Assets/Scripts/rotateGun.cs using Guid(53ea6d90bb35f2448adc9c4f8862259a) Importer(815301076,1909f56bfc062723c751e8b465ee728b)  -> (artifact id: 'a5c5dd11ff70d61401d0bd54e958df8c') in 0.002107 seconds 
  Import took 0.006418 seconds .

========================================================================
Received Prepare
Registering precompiled user dll's ...
Registered in 0.004822 seconds.
Begin MonoManager ReloadAssembly
Native extension for WindowsStandalone target not found
Refreshing native plugins compatible for Editor in 0.67 ms, found 2 plugins.
Preloading 0 native plugins for Editor in 0.00 ms.
Mono: successfully reloaded assembly
- Completed reload, in  0.946 seconds
Domain Reload Profiling:
	ReloadAssembly (947ms)
		BeginReloadAssembly (95ms)
			ExecutionOrderSort (0ms)
			DisableScriptedObjects (4ms)
			BackupInstance (0ms)
			ReleaseScriptingObjects (0ms)
			CreateAndSetChildDomain (28ms)
		EndReloadAssembly (801ms)
			LoadAssemblies (81ms)
			RebuildTransferFunctionScriptingTraits (0ms)
			SetupTypeCache (248ms)
			ReleaseScriptCaches (1ms)
			RebuildScriptCaches (37ms)
			SetupLoadedEditorAssemblies (322ms)
				LogAssemblyErrors (0ms)
				InitializePlatformSupportModulesInManaged (4ms)
				SetLoadedEditorAssemblies (0ms)
				RefreshPlugins (1ms)
				BeforeProcessingInitializeOnLoad (75ms)
				ProcessInitializeOnLoadAttributes (232ms)
				ProcessInitializeOnLoadMethodAttributes (5ms)
				AfterProcessingInitializeOnLoad (6ms)
				EditorAssembliesLoaded (0ms)
			ExecutionOrderSort2 (0ms)
			AwakeInstancesAfterBackupRestoration (12ms)
Platform modules already initialized, skipping
Shader 'Universal Render Pipeline/Particles/Lit': fallback shader 'Universal Render Pipeline/Particles/SimpleLit' not found
Refreshing native plugins compatible for Editor in 0.68 ms, found 2 plugins.
Preloading 0 native plugins for Editor in 0.00 ms.
Unloading 3081 Unused Serialized files (Serialized files now loaded: 0)
System memory in use before: 182.0 MB.
System memory in use after: 182.3 MB.

Unloading 20 unused Assets to reduce memory usage. Loaded Objects now: 3773.
Total: 2.551800 ms (FindLiveObjects: 0.277500 ms CreateObjectMapping: 0.075500 ms MarkObjects: 2.176000 ms  DeleteObjects: 0.021600 ms)

AssetImportParameters requested are different than current active one (requested -> active):
  custom:framework-win-MediaFoundation: 216162199b28c13a410421893ffa2e32 -> 
  custom:video-decoder-ogg-theora: a1e56fd34408186e4bbccfd4996cb3dc -> 
  custom:container-muxer-webm: aa71ff27fc2769a1b78a27578f13a17b -> 
  custom:container-demuxer-webm: 4f35f7cbe854078d1ac9338744f61a02 -> 
  custom:container-demuxer-ogg: 62fdf1f143b41e24485cea50d1cbac27 -> 
  custom:video-encoder-webm-vp8: eb34c28f22e8b96e1ab97ce403110664 -> 
  custom:video-decoder-webm-vp8: 9c59270c3fd7afecdb556c50c9e8de78 -> 
  custom:audio-decoder-ogg-vorbis: bf7c407c2cedff20999df2af8eb42d56 -> 
  custom:audio-encoder-webm-vorbis: bf7c407c2cedff20999df2af8eb42d56 -> 
========================================================================
Received Prepare
Registering precompiled user dll's ...
Registered in 0.004441 seconds.
Begin MonoManager ReloadAssembly
Native extension for WindowsStandalone target not found
Refreshing native plugins compatible for Editor in 0.69 ms, found 2 plugins.
Preloading 0 native plugins for Editor in 0.00 ms.
Mono: successfully reloaded assembly
- Completed reload, in  0.936 seconds
Domain Reload Profiling:
	ReloadAssembly (936ms)
		BeginReloadAssembly (102ms)
			ExecutionOrderSort (0ms)
			DisableScriptedObjects (4ms)
			BackupInstance (0ms)
			ReleaseScriptingObjects (0ms)
			CreateAndSetChildDomain (29ms)
		EndReloadAssembly (783ms)
			LoadAssemblies (75ms)
			RebuildTransferFunctionScriptingTraits (0ms)
			SetupTypeCache (244ms)
			ReleaseScriptCaches (1ms)
			RebuildScriptCaches (37ms)
			SetupLoadedEditorAssemblies (314ms)
				LogAssemblyErrors (0ms)
				InitializePlatformSupportModulesInManaged (3ms)
				SetLoadedEditorAssemblies (0ms)
				RefreshPlugins (1ms)
				BeforeProcessingInitializeOnLoad (67ms)
				ProcessInitializeOnLoadAttributes (233ms)
				ProcessInitializeOnLoadMethodAttributes (5ms)
				AfterProcessingInitializeOnLoad (5ms)
				EditorAssembliesLoaded (0ms)
			ExecutionOrderSort2 (0ms)
			AwakeInstancesAfterBackupRestoration (12ms)
Platform modules already initialized, skipping
Shader 'Universal Render Pipeline/Particles/Lit': fallback shader 'Universal Render Pipeline/Particles/SimpleLit' not found
Refreshing native plugins compatible for Editor in 0.65 ms, found 2 plugins.
Preloading 0 native plugins for Editor in 0.00 ms.
Unloading 3081 Unused Serialized files (Serialized files now loaded: 0)
System memory in use before: 182.0 MB.
System memory in use after: 182.3 MB.

Unloading 20 unused Assets to reduce memory usage. Loaded Objects now: 3776.
Total: 2.372100 ms (FindLiveObjects: 0.296400 ms CreateObjectMapping: 0.068900 ms MarkObjects: 1.989900 ms  DeleteObjects: 0.016200 ms)

AssetImportParameters requested are different than current active one (requested -> active):
  custom:framework-win-MediaFoundation: 216162199b28c13a410421893ffa2e32 -> 
  custom:video-decoder-ogg-theora: a1e56fd34408186e4bbccfd4996cb3dc -> 
  custom:container-muxer-webm: aa71ff27fc2769a1b78a27578f13a17b -> 
  custom:container-demuxer-webm: 4f35f7cbe854078d1ac9338744f61a02 -> 
  custom:container-demuxer-ogg: 62fdf1f143b41e24485cea50d1cbac27 -> 
  custom:video-encoder-webm-vp8: eb34c28f22e8b96e1ab97ce403110664 -> 
  custom:video-decoder-webm-vp8: 9c59270c3fd7afecdb556c50c9e8de78 -> 
  custom:audio-decoder-ogg-vorbis: bf7c407c2cedff20999df2af8eb42d56 -> 
  custom:audio-encoder-webm-vorbis: bf7c407c2cedff20999df2af8eb42d56 -> 
========================================================================
Received Import Request.
  Time since last request: 177.271979 seconds.
  path: Assets/Resources/Models/Cars/Delorean/Materials/DeLorean_FinituraNero.mat
  artifactKey: Guid(353b8b461c379aa4aab9b952ba45f67e) Importer(815301076,1909f56bfc062723c751e8b465ee728b)
Start importing Assets/Resources/Models/Cars/Delorean/Materials/DeLorean_FinituraNero.mat using Guid(353b8b461c379aa4aab9b952ba45f67e) Importer(815301076,1909f56bfc062723c751e8b465ee728b)  -> (artifact id: 'bfbed9a2a20a3e672e27064ea7d5df2e') in 0.121743 seconds 
  Import took 0.126686 seconds .

========================================================================
Received Import Request.
  Time since last request: 0.000150 seconds.
  path: Assets/Resources/Models/Cars/Delorean/Materials/Standard_8.mat
  artifactKey: Guid(e2a8a3f92be7e7343921c3a91aaafb6f) Importer(815301076,1909f56bfc062723c751e8b465ee728b)
Start importing Assets/Resources/Models/Cars/Delorean/Materials/Standard_8.mat using Guid(e2a8a3f92be7e7343921c3a91aaafb6f) Importer(815301076,1909f56bfc062723c751e8b465ee728b)  -> (artifact id: '8274eaa3aa7a8fc5f6cec459f8e69941') in 0.010325 seconds 
  Import took 0.014587 seconds .

========================================================================
Received Import Request.
  Time since last request: 0.000196 seconds.
  path: Assets/Resources/Models/Cars/Delorean/Materials/DeLorean_Motore.mat
  artifactKey: Guid(dc4b5dbfa3601854bb24e96a28099bae) Importer(815301076,1909f56bfc062723c751e8b465ee728b)
Start importing Assets/Resources/Models/Cars/Delorean/Materials/DeLorean_Motore.mat using Guid(dc4b5dbfa3601854bb24e96a28099bae) Importer(815301076,1909f56bfc062723c751e8b465ee728b)  -> (artifact id: '1307419c860da0be5b5c1dc4c2e60497') in 0.007170 seconds 
  Import took 0.011177 seconds .

========================================================================
Received Import Request.
  Time since last request: 0.000165 seconds.
  path: Assets/Resources/Models/Cars/Delorean/Materials/DeLorean_Interni.mat
  artifactKey: Guid(b892085f1cbc47948aa563319c924f65) Importer(815301076,1909f56bfc062723c751e8b465ee728b)
Start importing Assets/Resources/Models/Cars/Delorean/Materials/DeLorean_Interni.mat using Guid(b892085f1cbc47948aa563319c924f65) Importer(815301076,1909f56bfc062723c751e8b465ee728b)  -> (artifact id: '7b1c728d7b773bc8952f3adb1a7d791c') in 0.009108 seconds 
  Import took 0.013208 seconds .

========================================================================
Received Import Request.
  Time since last request: 0.000194 seconds.
  path: Assets/Resources/Models/Cars/Delorean/Materials/DeLorean_OrangeLight.mat
  artifactKey: Guid(bf6cc9743442493489dabcd630b2cadd) Importer(815301076,1909f56bfc062723c751e8b465ee728b)
Start importing Assets/Resources/Models/Cars/Delorean/Materials/DeLorean_OrangeLight.mat using Guid(bf6cc9743442493489dabcd630b2cadd) Importer(815301076,1909f56bfc062723c751e8b465ee728b)  -> (artifact id: '17d40be1a0426b4bc44791f263b08122') in 0.008195 seconds 
  Import took 0.012253 seconds .

========================================================================
Received Import Request.
  Time since last request: 0.000179 seconds.
  path: Assets/Resources/Models/Cars/Delorean/Materials/DeLorean_MainBody.mat
  artifactKey: Guid(c7a95f3a6c024fb43b7ee2e50112b299) Importer(815301076,1909f56bfc062723c751e8b465ee728b)
Start importing Assets/Resources/Models/Cars/Delorean/Materials/DeLorean_MainBody.mat using Guid(c7a95f3a6c024fb43b7ee2e50112b299) Importer(815301076,1909f56bfc062723c751e8b465ee728b)  -> (artifact id: '295b0bb67392f3bca035c49cf32f9501') in 0.013664 seconds 
  Import took 0.018148 seconds .

========================================================================
Received Import Request.
  Time since last request: 0.000168 seconds.
  path: Assets/Resources/Models/Cars/Delorean/Materials/DeLorean_RedLight.mat
  artifactKey: Guid(598ad3304cfe66a45ad5355503efb2f5) Importer(815301076,1909f56bfc062723c751e8b465ee728b)
Start importing Assets/Resources/Models/Cars/Delorean/Materials/DeLorean_RedLight.mat using Guid(598ad3304cfe66a45ad5355503efb2f5) Importer(815301076,1909f56bfc062723c751e8b465ee728b)  -> (artifact id: '5619aaa098d8412d452b62efabe00643') in 0.007022 seconds 
  Import took 0.011308 seconds .

========================================================================
Received Import Request.
  Time since last request: 25.393330 seconds.
  path: Assets/Resources/FlyingDeLoreanWGun 1.prefab
  artifactKey: Guid(8611aaed7c9d7c84486580bbca243169) Importer(815301076,1909f56bfc062723c751e8b465ee728b)
Start importing Assets/Resources/FlyingDeLoreanWGun 1.prefab using Guid(8611aaed7c9d7c84486580bbca243169) Importer(815301076,1909f56bfc062723c751e8b465ee728b)  -> (artifact id: 'ba31cf1ba339cf00155c1d531286eccd') in 0.037486 seconds 
  Import took 0.042674 seconds .

========================================================================
Received Import Request.
  Time since last request: 0.272969 seconds.
  path: Assets/Resources/FlyingDeLoreanWGun 1.prefab
  artifactKey: Guid(8611aaed7c9d7c84486580bbca243169) Importer(815301076,1909f56bfc062723c751e8b465ee728b)
Start importing Assets/Resources/FlyingDeLoreanWGun 1.prefab using Guid(8611aaed7c9d7c84486580bbca243169) Importer(815301076,1909f56bfc062723c751e8b465ee728b)  -> (artifact id: '21bd6d0869241f0893af3111cf587766') in 0.021511 seconds 
  Import took 0.026975 seconds .

AssetImportWorkerClient::OnTransportError - code=2 error=End of file
