Using pre-set license
Built from '2020.3/release' branch; Version is '2020.3.15f2 (6cf78cb77498) revision 7141260'; Using compiler version '192528614'; Build Type 'Release'
OS: 'Windows 10 Home; OS build 19042.1165; Version 2009; 64bit' Language: 'es' Physical Memory: 16310 MB
BatchMode: 1, IsHumanControllingUs: 0, StartBugReporterOnCrash: 0, Is64bit: 1, IsPro: 0

 COMMAND LINE ARGUMENTS:
C:\Program Files\Unity\Hub\Editor\2020.3.15f2\Editor\Unity.exe
-adb2
-batchMode
-noUpm
-name
AssetImportWorker0
-projectPath
C:/Users/Andresisky/Documents/Unity Projects/BubbalGum-Race
-logFile
Logs/AssetImportWorker0.log
-srvPort
65075
Successfully changed project path to: C:/Users/Andresisky/Documents/Unity Projects/BubbalGum-Race
C:/Users/Andresisky/Documents/Unity Projects/BubbalGum-Race
Using Asset Import Pipeline V2.
Refreshing native plugins compatible for Editor in 78.00 ms, found 2 plugins.
Preloading 0 native plugins for Editor in 0.00 ms.
Initialize engine version: 2020.3.15f2 (6cf78cb77498)
[Subsystems] Discovering subsystems at path C:/Program Files/Unity/Hub/Editor/2020.3.15f2/Editor/Data/Resources/UnitySubsystems
[Subsystems] Discovering subsystems at path C:/Users/Andresisky/Documents/Unity Projects/BubbalGum-Race/Assets
GfxDevice: creating device client; threaded=0
Direct3D:
    Version:  Direct3D 11.0 [level 11.1]
    Renderer: Radeon RX 580 Series (ID=0x67df)
    Vendor:   
    VRAM:     8171 MB
    Driver:   27.20.22001.14011
Shader 'Universal Render Pipeline/Particles/Lit': fallback shader 'Universal Render Pipeline/Particles/SimpleLit' not found
Initialize mono
Mono path[0] = 'C:/Program Files/Unity/Hub/Editor/2020.3.15f2/Editor/Data/Managed'
Mono path[1] = 'C:/Program Files/Unity/Hub/Editor/2020.3.15f2/Editor/Data/MonoBleedingEdge/lib/mono/unityjit'
Mono config path = 'C:/Program Files/Unity/Hub/Editor/2020.3.15f2/Editor/Data/MonoBleedingEdge/etc'
Using monoOptions --debugger-agent=transport=dt_socket,embedding=1,server=y,suspend=n,address=127.0.0.1:56432
Begin MonoManager ReloadAssembly
Registering precompiled unity dll's ...
Register platform support module: C:/Program Files/Unity/Hub/Editor/2020.3.15f2/Editor/Data/PlaybackEngines/WebGLSupport/UnityEditor.WebGL.Extensions.dll
Register platform support module: C:/Program Files/Unity/Hub/Editor/2020.3.15f2/Editor/Data/PlaybackEngines/WindowsStandaloneSupport/UnityEditor.WindowsStandalone.Extensions.dll
Registered in 0.002906 seconds.
Native extension for WindowsStandalone target not found
Native extension for WebGL target not found
Refreshing native plugins compatible for Editor in 77.96 ms, found 2 plugins.
Preloading 0 native plugins for Editor in 0.00 ms.
Mono: successfully reloaded assembly
- Completed reload, in  1.696 seconds
Domain Reload Profiling:
	ReloadAssembly (1697ms)
		BeginReloadAssembly (58ms)
			ExecutionOrderSort (0ms)
			DisableScriptedObjects (0ms)
			BackupInstance (0ms)
			ReleaseScriptingObjects (0ms)
			CreateAndSetChildDomain (1ms)
		EndReloadAssembly (480ms)
			LoadAssemblies (56ms)
			RebuildTransferFunctionScriptingTraits (0ms)
			SetupTypeCache (152ms)
			ReleaseScriptCaches (0ms)
			RebuildScriptCaches (31ms)
			SetupLoadedEditorAssemblies (220ms)
				LogAssemblyErrors (0ms)
				InitializePlatformSupportModulesInManaged (5ms)
				SetLoadedEditorAssemblies (0ms)
				RefreshPlugins (78ms)
				BeforeProcessingInitializeOnLoad (17ms)
				ProcessInitializeOnLoadAttributes (90ms)
				ProcessInitializeOnLoadMethodAttributes (30ms)
				AfterProcessingInitializeOnLoad (0ms)
				EditorAssembliesLoaded (0ms)
			ExecutionOrderSort2 (0ms)
			AwakeInstancesAfterBackupRestoration (0ms)
Platform modules already initialized, skipping
Registering precompiled user dll's ...
Registered in 0.008185 seconds.
Begin MonoManager ReloadAssembly
Native extension for WindowsStandalone target not found
Native extension for WebGL target not found
Refreshing native plugins compatible for Editor in 83.47 ms, found 2 plugins.
Preloading 0 native plugins for Editor in 0.00 ms.
Mono: successfully reloaded assembly
- Completed reload, in  1.438 seconds
Domain Reload Profiling:
	ReloadAssembly (1439ms)
		BeginReloadAssembly (156ms)
			ExecutionOrderSort (0ms)
			DisableScriptedObjects (5ms)
			BackupInstance (0ms)
			ReleaseScriptingObjects (0ms)
			CreateAndSetChildDomain (20ms)
		EndReloadAssembly (1210ms)
			LoadAssemblies (105ms)
			RebuildTransferFunctionScriptingTraits (0ms)
			SetupTypeCache (375ms)
			ReleaseScriptCaches (1ms)
			RebuildScriptCaches (70ms)
			SetupLoadedEditorAssemblies (517ms)
				LogAssemblyErrors (0ms)
				InitializePlatformSupportModulesInManaged (7ms)
				SetLoadedEditorAssemblies (0ms)
				RefreshPlugins (84ms)
				BeforeProcessingInitializeOnLoad (106ms)
				ProcessInitializeOnLoadAttributes (305ms)
				ProcessInitializeOnLoadMethodAttributes (6ms)
				AfterProcessingInitializeOnLoad (9ms)
				EditorAssembliesLoaded (0ms)
			ExecutionOrderSort2 (0ms)
			AwakeInstancesAfterBackupRestoration (7ms)
Platform modules already initialized, skipping
========================================================================
Worker process is ready to serve import requests
Shader 'Universal Render Pipeline/Particles/Lit': fallback shader 'Universal Render Pipeline/Particles/SimpleLit' not found
Launched and connected shader compiler UnityShaderCompiler.exe after 0.06 seconds
Refreshing native plugins compatible for Editor in 0.69 ms, found 2 plugins.
Preloading 0 native plugins for Editor in 0.00 ms.
Unloading 3238 Unused Serialized files (Serialized files now loaded: 0)
System memory in use before: 188.4 MB.
System memory in use after: 188.6 MB.

Unloading 26 unused Assets to reduce memory usage. Loaded Objects now: 3669.
Total: 2.796000 ms (FindLiveObjects: 0.324900 ms CreateObjectMapping: 0.078700 ms MarkObjects: 2.306400 ms  DeleteObjects: 0.085000 ms)

AssetImportParameters requested are different than current active one (requested -> active):
  custom:framework-win-MediaFoundation: 216162199b28c13a410421893ffa2e32 -> 
  custom:video-decoder-ogg-theora: a1e56fd34408186e4bbccfd4996cb3dc -> 
  custom:container-muxer-webm: aa71ff27fc2769a1b78a27578f13a17b -> 
  custom:container-demuxer-webm: 4f35f7cbe854078d1ac9338744f61a02 -> 
  custom:container-demuxer-ogg: 62fdf1f143b41e24485cea50d1cbac27 -> 
  custom:video-encoder-webm-vp8: eb34c28f22e8b96e1ab97ce403110664 -> 
  custom:video-decoder-webm-vp8: 9c59270c3fd7afecdb556c50c9e8de78 -> 
  custom:audio-decoder-ogg-vorbis: bf7c407c2cedff20999df2af8eb42d56 -> 
  custom:audio-encoder-webm-vorbis: bf7c407c2cedff20999df2af8eb42d56 -> 
========================================================================
Received Import Request.
  path: Assets/Particles.mat
  artifactKey: Guid(4feb960951716e540ab5515ac4e5887b) Importer(815301076,1909f56bfc062723c751e8b465ee728b)
Start importing Assets/Particles.mat using Guid(4feb960951716e540ab5515ac4e5887b) Importer(815301076,1909f56bfc062723c751e8b465ee728b)  -> (artifact id: '8a7dd6993dd0e40ba7bd6cb9316f420c') in 0.278648 seconds 
  Import took 0.284084 seconds .

========================================================================
Received Import Request.
  Time since last request: 0.000215 seconds.
  path: Assets/Fuego.mat
  artifactKey: Guid(262381e0e2692a94ea0bbe428bec8f05) Importer(815301076,1909f56bfc062723c751e8b465ee728b)
Start importing Assets/Fuego.mat using Guid(262381e0e2692a94ea0bbe428bec8f05) Importer(815301076,1909f56bfc062723c751e8b465ee728b)  -> (artifact id: 'de9ca95d846093e4b7121d6937549da9') in 0.063132 seconds 
  Import took 0.068661 seconds .

========================================================================
Received Import Request.
  Time since last request: 0.000196 seconds.
  path: Assets/Cuadrado.png
  artifactKey: Guid(c079bedad38da0246b8aed2def50a67f) Importer(815301076,1909f56bfc062723c751e8b465ee728b)
Start importing Assets/Cuadrado.png using Guid(c079bedad38da0246b8aed2def50a67f) Importer(815301076,1909f56bfc062723c751e8b465ee728b)  -> (artifact id: '25edcdee179e7edbd8211c53472a6a2d') in 0.067153 seconds 
  Import took 0.072287 seconds .

========================================================================
Received Import Request.
  Time since last request: 0.000204 seconds.
  path: Assets/Particles 1.mat
  artifactKey: Guid(185aa3bf426eae949bf6c6d03c30c5ed) Importer(815301076,1909f56bfc062723c751e8b465ee728b)
Start importing Assets/Particles 1.mat using Guid(185aa3bf426eae949bf6c6d03c30c5ed) Importer(815301076,1909f56bfc062723c751e8b465ee728b)  -> (artifact id: '397fb6c8120f745e35262d9d59277175') in 0.014145 seconds 
  Import took 0.020036 seconds .

========================================================================
Received Import Request.
  Time since last request: 0.000192 seconds.
  path: Assets/TurboF.prefab
  artifactKey: Guid(148edb72c14b23649b243d22d9a24af3) Importer(815301076,1909f56bfc062723c751e8b465ee728b)
Start importing Assets/TurboF.prefab using Guid(148edb72c14b23649b243d22d9a24af3) Importer(815301076,1909f56bfc062723c751e8b465ee728b)  -> (artifact id: '08aa8f608a9560fe3274aa5d8a270f11') in 0.031928 seconds 
  Import took 0.036744 seconds .

========================================================================
Received Prepare
Registering precompiled user dll's ...
Registered in 0.009019 seconds.
Begin MonoManager ReloadAssembly
Native extension for WindowsStandalone target not found
Native extension for WebGL target not found
Refreshing native plugins compatible for Editor in 0.88 ms, found 2 plugins.
Preloading 0 native plugins for Editor in 0.00 ms.
Mono: successfully reloaded assembly
- Completed reload, in  1.387 seconds
Domain Reload Profiling:
	ReloadAssembly (1387ms)
		BeginReloadAssembly (162ms)
			ExecutionOrderSort (0ms)
			DisableScriptedObjects (7ms)
			BackupInstance (0ms)
			ReleaseScriptingObjects (0ms)
			CreateAndSetChildDomain (49ms)
		EndReloadAssembly (1149ms)
			LoadAssemblies (106ms)
			RebuildTransferFunctionScriptingTraits (0ms)
			SetupTypeCache (373ms)
			ReleaseScriptCaches (2ms)
			RebuildScriptCaches (51ms)
			SetupLoadedEditorAssemblies (451ms)
				LogAssemblyErrors (0ms)
				InitializePlatformSupportModulesInManaged (6ms)
				SetLoadedEditorAssemblies (1ms)
				RefreshPlugins (1ms)
				BeforeProcessingInitializeOnLoad (101ms)
				ProcessInitializeOnLoadAttributes (327ms)
				ProcessInitializeOnLoadMethodAttributes (6ms)
				AfterProcessingInitializeOnLoad (9ms)
				EditorAssembliesLoaded (0ms)
			ExecutionOrderSort2 (0ms)
			AwakeInstancesAfterBackupRestoration (17ms)
Platform modules already initialized, skipping
Shader 'Universal Render Pipeline/Particles/Lit': fallback shader 'Universal Render Pipeline/Particles/SimpleLit' not found
Refreshing native plugins compatible for Editor in 1.15 ms, found 2 plugins.
Preloading 0 native plugins for Editor in 0.00 ms.
Unloading 3082 Unused Serialized files (Serialized files now loaded: 0)
System memory in use before: 182.4 MB.
System memory in use after: 182.7 MB.

Unloading 21 unused Assets to reduce memory usage. Loaded Objects now: 3753.
Total: 3.611400 ms (FindLiveObjects: 0.386700 ms CreateObjectMapping: 0.090100 ms MarkObjects: 3.076400 ms  DeleteObjects: 0.056900 ms)

AssetImportParameters requested are different than current active one (requested -> active):
  custom:framework-win-MediaFoundation: 216162199b28c13a410421893ffa2e32 -> 
  custom:video-decoder-ogg-theora: a1e56fd34408186e4bbccfd4996cb3dc -> 
  custom:container-muxer-webm: aa71ff27fc2769a1b78a27578f13a17b -> 
  custom:container-demuxer-webm: 4f35f7cbe854078d1ac9338744f61a02 -> 
  custom:container-demuxer-ogg: 62fdf1f143b41e24485cea50d1cbac27 -> 
  custom:video-encoder-webm-vp8: eb34c28f22e8b96e1ab97ce403110664 -> 
  custom:video-decoder-webm-vp8: 9c59270c3fd7afecdb556c50c9e8de78 -> 
  custom:audio-decoder-ogg-vorbis: bf7c407c2cedff20999df2af8eb42d56 -> 
  custom:audio-encoder-webm-vorbis: bf7c407c2cedff20999df2af8eb42d56 -> 
========================================================================
Received Import Request.
  Time since last request: 216.685536 seconds.
  path: Assets/MaterialPhysics
  artifactKey: Guid(6ab8698c263da2548a2c8fdc561b00a4) Importer(815301076,1909f56bfc062723c751e8b465ee728b)
Start importing Assets/MaterialPhysics using Guid(6ab8698c263da2548a2c8fdc561b00a4) Importer(815301076,1909f56bfc062723c751e8b465ee728b)  -> (artifact id: 'a0f0dc319f8d357b84f2143e6eba434d') in 0.011751 seconds 
  Import took 0.017417 seconds .

========================================================================
Received Import Request.
  Time since last request: 0.613825 seconds.
  path: Assets/Scenes
  artifactKey: Guid(d9debc50fa3f0754cb9b2ae9c06126fc) Importer(815301076,1909f56bfc062723c751e8b465ee728b)
Start importing Assets/Scenes using Guid(d9debc50fa3f0754cb9b2ae9c06126fc) Importer(815301076,1909f56bfc062723c751e8b465ee728b)  -> (artifact id: '1065387c2f9caeeec6d4cb15f6f6911d') in 0.007012 seconds 
  Import took 0.011802 seconds .

========================================================================
Received Import Request.
  Time since last request: 2.624725 seconds.
  path: Assets/Resources/FlyingDeLoreanWGun.prefab
  artifactKey: Guid(0dc318dfaf7ff9e4e930cf4caf3d1f74) Importer(815301076,1909f56bfc062723c751e8b465ee728b)
Start importing Assets/Resources/FlyingDeLoreanWGun.prefab using Guid(0dc318dfaf7ff9e4e930cf4caf3d1f74) Importer(815301076,1909f56bfc062723c751e8b465ee728b)  -> (artifact id: 'aa02b20dbeee63a888ebb86ba559c03f') in 0.281806 seconds 
  Import took 0.292247 seconds .

========================================================================
Received Import Request.
  Time since last request: 1.101741 seconds.
  path: Assets/Resources/Textures
  artifactKey: Guid(47280701016aa79478bc2e4311c7fe90) Importer(815301076,1909f56bfc062723c751e8b465ee728b)
Start importing Assets/Resources/Textures using Guid(47280701016aa79478bc2e4311c7fe90) Importer(815301076,1909f56bfc062723c751e8b465ee728b)  -> (artifact id: '25c735c7786d3293b30a4c1bfb01c29e') in 0.007950 seconds 
  Import took 0.012982 seconds .

========================================================================
Received Import Request.
  Time since last request: 0.055186 seconds.
  path: Assets/Resources/Textures/NeonExample.png
  artifactKey: Guid(669cb825a2ec91845b00c4fcac83ec1a) Importer(815301076,1909f56bfc062723c751e8b465ee728b)
Start importing Assets/Resources/Textures/NeonExample.png using Guid(669cb825a2ec91845b00c4fcac83ec1a) Importer(815301076,1909f56bfc062723c751e8b465ee728b)  -> (artifact id: 'fdb37dbb1fd320ace91dc4d9f6d43d03') in 0.019411 seconds 
  Import took 0.025229 seconds .

========================================================================
Received Import Request.
  Time since last request: 1.449837 seconds.
  path: Assets/Resources/Fonts
  artifactKey: Guid(78bbe75e2bb0ea54e85afb39ca2bd5a9) Importer(815301076,1909f56bfc062723c751e8b465ee728b)
Start importing Assets/Resources/Fonts using Guid(78bbe75e2bb0ea54e85afb39ca2bd5a9) Importer(815301076,1909f56bfc062723c751e8b465ee728b)  -> (artifact id: '82ee2756a32b5b1db5bb70977d686eb2') in 0.007292 seconds 
  Import took 0.012998 seconds .

========================================================================
Received Import Request.
  Time since last request: 86.283492 seconds.
  path: Assets/Scripts
  artifactKey: Guid(26de8d35ef7531d49ac8dba1c3b28bf5) Importer(815301076,1909f56bfc062723c751e8b465ee728b)
Start importing Assets/Scripts using Guid(26de8d35ef7531d49ac8dba1c3b28bf5) Importer(815301076,1909f56bfc062723c751e8b465ee728b)  -> (artifact id: '17b25ef4c8b5720e9fd9900be97cb347') in 0.008126 seconds 
  Import took 0.013787 seconds .

========================================================================
Received Import Request.
  Time since last request: 13.300871 seconds.
  path: Assets/Scripts/Turbo.cs
  artifactKey: Guid(4eb5417214cf5274bb1f668368d7b9a6) Importer(815301076,1909f56bfc062723c751e8b465ee728b)
Start importing Assets/Scripts/Turbo.cs using Guid(4eb5417214cf5274bb1f668368d7b9a6) Importer(815301076,1909f56bfc062723c751e8b465ee728b)  -> (artifact id: 'd7a04cd60e07e2b22792d3ea33b08650') in 0.011318 seconds 
  Import took 0.016924 seconds .

========================================================================
Received Import Request.
  Time since last request: 0.001076 seconds.
  path: Assets/Scripts/Turbo.cs
  artifactKey: Guid(4eb5417214cf5274bb1f668368d7b9a6) Importer(815301076,1909f56bfc062723c751e8b465ee728b)
Start importing Assets/Scripts/Turbo.cs using Guid(4eb5417214cf5274bb1f668368d7b9a6) Importer(815301076,1909f56bfc062723c751e8b465ee728b)  -> (artifact id: 'd7a04cd60e07e2b22792d3ea33b08650') in 0.002930 seconds 
  Import took 0.008062 seconds .

========================================================================
Received Prepare
Registering precompiled user dll's ...
Registered in 0.008797 seconds.
Begin MonoManager ReloadAssembly
Native extension for WindowsStandalone target not found
Native extension for WebGL target not found
Refreshing native plugins compatible for Editor in 1.12 ms, found 2 plugins.
Preloading 0 native plugins for Editor in 0.00 ms.
Mono: successfully reloaded assembly
- Completed reload, in  1.453 seconds
Domain Reload Profiling:
	ReloadAssembly (1454ms)
		BeginReloadAssembly (153ms)
			ExecutionOrderSort (0ms)
			DisableScriptedObjects (9ms)
			BackupInstance (0ms)
			ReleaseScriptingObjects (0ms)
			CreateAndSetChildDomain (48ms)
		EndReloadAssembly (1216ms)
			LoadAssemblies (114ms)
			RebuildTransferFunctionScriptingTraits (0ms)
			SetupTypeCache (402ms)
			ReleaseScriptCaches (2ms)
			RebuildScriptCaches (52ms)
			SetupLoadedEditorAssemblies (477ms)
				LogAssemblyErrors (0ms)
				InitializePlatformSupportModulesInManaged (7ms)
				SetLoadedEditorAssemblies (1ms)
				RefreshPlugins (1ms)
				BeforeProcessingInitializeOnLoad (111ms)
				ProcessInitializeOnLoadAttributes (340ms)
				ProcessInitializeOnLoadMethodAttributes (7ms)
				AfterProcessingInitializeOnLoad (9ms)
				EditorAssembliesLoaded (0ms)
			ExecutionOrderSort2 (0ms)
			AwakeInstancesAfterBackupRestoration (17ms)
Platform modules already initialized, skipping
Shader 'Universal Render Pipeline/Particles/Lit': fallback shader 'Universal Render Pipeline/Particles/SimpleLit' not found
Refreshing native plugins compatible for Editor in 0.83 ms, found 2 plugins.
Preloading 0 native plugins for Editor in 0.00 ms.
Unloading 3082 Unused Serialized files (Serialized files now loaded: 0)
System memory in use before: 183.4 MB.
System memory in use after: 183.7 MB.

Unloading 20 unused Assets to reduce memory usage. Loaded Objects now: 3794.
Total: 3.988700 ms (FindLiveObjects: 0.511800 ms CreateObjectMapping: 0.094700 ms MarkObjects: 3.358200 ms  DeleteObjects: 0.022400 ms)

AssetImportParameters requested are different than current active one (requested -> active):
  custom:framework-win-MediaFoundation: 216162199b28c13a410421893ffa2e32 -> 
  custom:video-decoder-ogg-theora: a1e56fd34408186e4bbccfd4996cb3dc -> 
  custom:container-muxer-webm: aa71ff27fc2769a1b78a27578f13a17b -> 
  custom:container-demuxer-webm: 4f35f7cbe854078d1ac9338744f61a02 -> 
  custom:container-demuxer-ogg: 62fdf1f143b41e24485cea50d1cbac27 -> 
  custom:video-encoder-webm-vp8: eb34c28f22e8b96e1ab97ce403110664 -> 
  custom:video-decoder-webm-vp8: 9c59270c3fd7afecdb556c50c9e8de78 -> 
  custom:audio-decoder-ogg-vorbis: bf7c407c2cedff20999df2af8eb42d56 -> 
  custom:audio-encoder-webm-vorbis: bf7c407c2cedff20999df2af8eb42d56 -> 
========================================================================
Received Import Request.
  Time since last request: 416.331304 seconds.
  path: Assets/Resources/Models/Esapes
  artifactKey: Guid(b3db04c4d2a0a93478741a743604d279) Importer(815301076,1909f56bfc062723c751e8b465ee728b)
Start importing Assets/Resources/Models/Esapes using Guid(b3db04c4d2a0a93478741a743604d279) Importer(815301076,1909f56bfc062723c751e8b465ee728b)  -> (artifact id: '78c01b4661f154210d85466f49150d74') in 0.017570 seconds 
  Import took 0.025301 seconds .

AssetImportWorkerClient::OnTransportError - code=2 error=End of file
